#
# There is insufficient memory for the Java Runtime Environment to continue.
# Native memory allocation (malloc) failed to allocate 453696 bytes for Chunk::new
# Possible reasons:
#   The system is out of physical RAM or swap space
#   The process is running with CompressedOops enabled, and the Java Heap may be blocking the growth of the native heap
# Possible solutions:
#   Reduce memory load on the system
#   Increase physical memory or swap space
#   Check if swap backing store is full
#   Decrease Java heap size (-Xmx/-Xms)
#   Decrease number of Java threads
#   Decrease Java thread stack sizes (-Xss)
#   Set larger code cache with -XX:ReservedCodeCacheSize=
#   JVM is running with Unscaled Compressed Oops mode in which the Java heap is
#     placed in the first 4GB address space. The Java Heap base address is the
#     maximum limit for the native heap growth. Please use -XX:HeapBaseMinAddress
#     to set the Java Heap base and to place the Java Heap above 4GB virtual address.
# This output file may be truncated or incomplete.
#
#  Out of Memory Error (./src/hotspot/share/memory/arena.cpp:197), pid=29612, tid=25904
#
# JRE version: OpenJDK Runtime Environment (11.0.11+9) (build 11.0.11+9-b60-7590822)
# Java VM: OpenJDK 64-Bit Server VM (11.0.11+9-b60-7590822, mixed mode, tiered, compressed oops, g1 gc, windows-amd64)
# No core dump will be written. Minidumps are not enabled by default on client versions of Windows
#

---------------  S U M M A R Y ------------

Command Line: --add-opens=java.base/java.util=ALL-UNNAMED --add-opens=java.base/java.lang=ALL-UNNAMED --add-opens=java.base/java.lang.invoke=ALL-UNNAMED --add-opens=java.prefs/java.util.prefs=ALL-UNNAMED -Xmx1536M -Dfile.encoding=windows-1252 -Duser.country=US -Duser.language=en -Duser.variant org.gradle.launcher.daemon.bootstrap.GradleDaemon 6.7

Host: Intel(R) Core(TM) i5-1035G1 CPU @ 1.00GHz, 8 cores, 7G,  Windows 10 , 64 bit Build 21996 (10.0.21996.1)
Time: Sun Apr 10 19:45:41 2022 South Africa Standard Time elapsed time: 117.166728 seconds (0d 0h 1m 57s)

---------------  T H R E A D  ---------------

Current thread (0x000001d2f2304000):  JavaThread "C2 CompilerThread0" daemon [_thread_in_native, id=25904, stack(0x00000038c6f00000,0x00000038c7000000)]


Current CompileTask:
C2: 117166 10062       4       org.gradle.internal.logging.sink.OutputEventTransformer::onOutput (399 bytes)

Stack: [0x00000038c6f00000,0x00000038c7000000]
Native frames: (J=compiled Java code, j=interpreted, Vv=VM code, C=native code)
V  [jvm.dll+0x5f214a]
V  [jvm.dll+0x726fb5]
V  [jvm.dll+0x7285cd]
V  [jvm.dll+0x728c83]
V  [jvm.dll+0x243278]
V  [jvm.dll+0xbc53c]
V  [jvm.dll+0xbca3c]
V  [jvm.dll+0x2b5c34]
V  [jvm.dll+0x508488]
V  [jvm.dll+0x1fd4b5]
V  [jvm.dll+0x1fb35f]
V  [jvm.dll+0x183d6c]
V  [jvm.dll+0x209a57]
V  [jvm.dll+0x2082a1]
V  [jvm.dll+0x6ef58f]
V  [jvm.dll+0x6e80b5]
V  [jvm.dll+0x5f1036]
C  [ucrtbase.dll+0x26c0c]
C  [KERNEL32.DLL+0x154e0]
C  [ntdll.dll+0x485b]


---------------  P R O C E S S  ---------------

Threads class SMR info:
_java_thread_list=0x000001d2f3c0df10, length=52, elements={
0x000001d2d9172800, 0x000001d2f22de000, 0x000001d2f22e1000, 0x000001d2f22fc000,
0x000001d2f22fe000, 0x000001d2f2301000, 0x000001d2f2304000, 0x000001d2f231d000,
0x000001d2f231d800, 0x000001d2f2dcd800, 0x000001d2f494a800, 0x000001d2f3bda000,
0x000001d2f3b0d000, 0x000001d2f482c800, 0x000001d2f43b8000, 0x000001d2f3b6c000,
0x000001d2f56a8800, 0x000001d2f4703800, 0x000001d2f446b000, 0x000001d2f4d44800,
0x000001d2f4d46800, 0x000001d2f4d45800, 0x000001d2f4d47000, 0x000001d2f4d48000,
0x000001d2f4d49000, 0x000001d2f4d43000, 0x000001d2f4d49800, 0x000001d2f4d44000,
0x000001d2f52c7000, 0x000001d2f52c2000, 0x000001d2f52c5800, 0x000001d2f52c7800,
0x000001d2f52c3000, 0x000001d2f52c4800, 0x000001d2f6a5c000, 0x000001d2f6a60000,
0x000001d2f6a5a800, 0x000001d2f6a61000, 0x000001d2f4fbe800, 0x000001d2f4fc9000,
0x000001d2f4fc8800, 0x000001d2f4fc4000, 0x000001d2f4fca000, 0x000001d2f4fc6000,
0x000001d2f4fca800, 0x000001d2f4fc5000, 0x000001d2f4fcb800, 0x000001d2f4fcc800,
0x000001d2f4fc6800, 0x000001d2f500e800, 0x000001d2f5011800, 0x000001d2f5011000
}

Java Threads: ( => current thread )
  0x000001d2d9172800 JavaThread "main" [_thread_blocked, id=14232, stack(0x00000038c6300000,0x00000038c6400000)]
  0x000001d2f22de000 JavaThread "Reference Handler" daemon [_thread_blocked, id=12428, stack(0x00000038c6a00000,0x00000038c6b00000)]
  0x000001d2f22e1000 JavaThread "Finalizer" daemon [_thread_blocked, id=24968, stack(0x00000038c6b00000,0x00000038c6c00000)]
  0x000001d2f22fc000 JavaThread "Signal Dispatcher" daemon [_thread_blocked, id=11980, stack(0x00000038c6c00000,0x00000038c6d00000)]
  0x000001d2f22fe000 JavaThread "Attach Listener" daemon [_thread_blocked, id=15196, stack(0x00000038c6d00000,0x00000038c6e00000)]
  0x000001d2f2301000 JavaThread "Service Thread" daemon [_thread_blocked, id=15776, stack(0x00000038c6e00000,0x00000038c6f00000)]
=>0x000001d2f2304000 JavaThread "C2 CompilerThread0" daemon [_thread_in_native, id=25904, stack(0x00000038c6f00000,0x00000038c7000000)]
  0x000001d2f231d000 JavaThread "C1 CompilerThread0" daemon [_thread_blocked, id=26028, stack(0x00000038c7000000,0x00000038c7100000)]
  0x000001d2f231d800 JavaThread "Sweeper thread" daemon [_thread_blocked, id=26032, stack(0x00000038c7100000,0x00000038c7200000)]
  0x000001d2f2dcd800 JavaThread "Common-Cleaner" daemon [_thread_blocked, id=26072, stack(0x00000038c7200000,0x00000038c7300000)]
  0x000001d2f494a800 JavaThread "Daemon health stats" [_thread_blocked, id=22308, stack(0x00000038c7500000,0x00000038c7600000)]
  0x000001d2f3bda000 JavaThread "Incoming local TCP Connector on port 63924" [_thread_in_native, id=27460, stack(0x00000038c7800000,0x00000038c7900000)]
  0x000001d2f3b0d000 JavaThread "Daemon periodic checks" [_thread_blocked, id=4844, stack(0x00000038c7900000,0x00000038c7a00000)]
  0x000001d2f482c800 JavaThread "Daemon" [_thread_blocked, id=25392, stack(0x00000038c7a00000,0x00000038c7b00000)]
  0x000001d2f43b8000 JavaThread "Handler for socket connection from /127.0.0.1:63924 to /127.0.0.1:63925" [_thread_in_native, id=4004, stack(0x00000038c7b00000,0x00000038c7c00000)]
  0x000001d2f3b6c000 JavaThread "Cancel handler" [_thread_blocked, id=25224, stack(0x00000038c7c00000,0x00000038c7d00000)]
  0x000001d2f56a8800 JavaThread "Daemon worker" [_thread_blocked, id=27484, stack(0x00000038c7d00000,0x00000038c7e00000)]
  0x000001d2f4703800 JavaThread "Asynchronous log dispatcher for DefaultDaemonConnection: socket connection from /127.0.0.1:63924 to /127.0.0.1:63925" [_thread_blocked, id=11652, stack(0x00000038c7e00000,0x00000038c7f00000)]
  0x000001d2f446b000 JavaThread "Stdin handler" [_thread_blocked, id=22020, stack(0x00000038c7f00000,0x00000038c8000000)]
  0x000001d2f4d44800 JavaThread "Thread-8" [_thread_blocked, id=15920, stack(0x00000038c8000000,0x00000038c8100000)]
  0x000001d2f4d46800 JavaThread "Cache worker for file hash cache (C:\Users\Product Design\.gradle\caches\6.7\fileHashes)" [_thread_blocked, id=28112, stack(0x00000038c8700000,0x00000038c8800000)]
  0x000001d2f4d45800 JavaThread "File lock request listener" [_thread_in_native, id=28104, stack(0x00000038c8800000,0x00000038c8900000)]
  0x000001d2f4d47000 JavaThread "Cache worker for journal cache (C:\Users\Product Design\.gradle\caches\journal-1)" [_thread_blocked, id=27976, stack(0x00000038c8900000,0x00000038c8a00000)]
  0x000001d2f4d48000 JavaThread "Cache worker for file hash cache (C:\Users\Product Design\OneDrive\Documents\Projects\Flutter\100\100\mini-project-1\mpd\android\.gradle\6.7\fileHashes)" [_thread_blocked, id=25652, stack(0x00000038c8b00000,0x00000038c8c00000)]
  0x000001d2f4d49000 JavaThread "Cache worker for checksums cache (C:\Users\Product Design\OneDrive\Documents\Projects\Flutter\100\100\mini-project-1\mpd\android\.gradle\checksums)" [_thread_blocked, id=26456, stack(0x00000038c8c00000,0x00000038c8d00000)]
  0x000001d2f4d43000 JavaThread "Cache worker for cache directory md-supplier (C:\Users\Product Design\.gradle\caches\6.7\md-supplier)" [_thread_blocked, id=15820, stack(0x00000038c8d00000,0x00000038c8e00000)]
  0x000001d2f4d49800 JavaThread "Cache worker for cache directory md-rule (C:\Users\Product Design\.gradle\caches\6.7\md-rule)" [_thread_blocked, id=27508, stack(0x00000038c8e00000,0x00000038c8f00000)]
  0x000001d2f4d44000 JavaThread "Cache worker for execution history cache (C:\Users\Product Design\.gradle\caches\6.7\executionHistory)" [_thread_blocked, id=26288, stack(0x00000038c8f00000,0x00000038c9000000)]
  0x000001d2f52c7000 JavaThread "Cache worker for file content cache (C:\Users\Product Design\.gradle\caches\6.7\fileContent)" [_thread_blocked, id=29680, stack(0x00000038c9100000,0x00000038c9200000)]
  0x000001d2f52c2000 JavaThread "Cache worker for Build Output Cleanup Cache (C:\Users\Product Design\OneDrive\Documents\Projects\Flutter\100\100\mini-project-1\mpd\android\.gradle\buildOutputCleanup)" [_thread_blocked, id=27368, stack(0x00000038c9200000,0x00000038c9300000)]
  0x000001d2f52c5800 JavaThread "Build operations" [_thread_blocked, id=27416, stack(0x00000038c9300000,0x00000038c9400000)]
  0x000001d2f52c7800 JavaThread "Build operations Thread 2" [_thread_blocked, id=2896, stack(0x00000038c9400000,0x00000038c9500000)]
  0x000001d2f52c3000 JavaThread "Build operations Thread 3" [_thread_blocked, id=14124, stack(0x00000038c9500000,0x00000038c9600000)]
  0x000001d2f52c4800 JavaThread "Build operations Thread 4" [_thread_blocked, id=19544, stack(0x00000038c9600000,0x00000038c9700000)]
  0x000001d2f6a5c000 JavaThread "Build operations Thread 5" [_thread_blocked, id=27412, stack(0x00000038c9700000,0x00000038c9800000)]
  0x000001d2f6a60000 JavaThread "Build operations Thread 6" [_thread_blocked, id=25832, stack(0x00000038c9800000,0x00000038c9900000)]
  0x000001d2f6a5a800 JavaThread "Build operations Thread 7" [_thread_blocked, id=27436, stack(0x00000038c9900000,0x00000038c9a00000)]
  0x000001d2f6a61000 JavaThread "Build operations Thread 8" [_thread_blocked, id=2812, stack(0x00000038c9a00000,0x00000038c9b00000)]
  0x000001d2f4fbe800 JavaThread "pool-1-thread-1" [_thread_blocked, id=1760, stack(0x00000038d1000000,0x00000038d1100000)]
  0x000001d2f4fc9000 JavaThread "Memory manager" [_thread_blocked, id=28756, stack(0x00000038d1100000,0x00000038d1200000)]
  0x000001d2f4fc8800 JavaThread "build event listener" [_thread_blocked, id=27996, stack(0x00000038c6100000,0x00000038c6200000)]
  0x000001d2f4fc4000 JavaThread "Execution worker for ':'" [_thread_blocked, id=5988, stack(0x00000038d1200000,0x00000038d1300000)]
  0x000001d2f4fca000 JavaThread "Execution worker for ':' Thread 2" [_thread_blocked, id=25800, stack(0x00000038d1300000,0x00000038d1400000)]
  0x000001d2f4fc6000 JavaThread "Execution worker for ':' Thread 3" [_thread_blocked, id=784, stack(0x00000038d1400000,0x00000038d1500000)]
  0x000001d2f4fca800 JavaThread "Execution worker for ':' Thread 4" [_thread_blocked, id=28260, stack(0x00000038d1500000,0x00000038d1600000)]
  0x000001d2f4fc5000 JavaThread "Execution worker for ':' Thread 5" [_thread_blocked, id=12772, stack(0x00000038d1600000,0x00000038d1700000)]
  0x000001d2f4fcb800 JavaThread "Execution worker for ':' Thread 6" [_thread_blocked, id=29544, stack(0x00000038d1700000,0x00000038d1800000)]
  0x000001d2f4fcc800 JavaThread "Execution worker for ':' Thread 7" [_thread_blocked, id=26100, stack(0x00000038d1800000,0x00000038d1900000)]
  0x000001d2f4fc6800 JavaThread "Cache worker for execution history cache (C:\Users\Product Design\OneDrive\Documents\Projects\Flutter\100\100\mini-project-1\mpd\android\.gradle\6.7\executionHistory)" [_thread_blocked, id=2508, stack(0x00000038d1900000,0x00000038d1a00000)]
  0x000001d2f500e800 JavaThread "Exec process" [_thread_in_native, id=28068, stack(0x00000038d1a00000,0x00000038d1b00000)]
  0x000001d2f5011800 JavaThread "Exec process Thread 2" [_thread_in_native, id=27256, stack(0x00000038d1b00000,0x00000038d1c00000)]
  0x000001d2f5011000 JavaThread "Exec process Thread 3" [_thread_in_native, id=23096, stack(0x00000038d1c00000,0x00000038d1d00000)]

Other Threads:
  0x000001d2f22b9800 VMThread "VM Thread" [stack: 0x00000038c6900000,0x00000038c6a00000] [id=18368]
  0x000001d2f2def000 WatcherThread [stack: 0x00000038c7300000,0x00000038c7400000] [id=26048]
  0x000001d2d9189000 GCTaskThread "GC Thread#0" [stack: 0x00000038c6400000,0x00000038c6500000] [id=25732]
  0x000001d2f3a68800 GCTaskThread "GC Thread#1" [stack: 0x00000038c7400000,0x00000038c7500000] [id=13852]
  0x000001d2f446a000 GCTaskThread "GC Thread#2" [stack: 0x00000038c8100000,0x00000038c8200000] [id=17972]
  0x000001d2f49b3800 GCTaskThread "GC Thread#3" [stack: 0x00000038c8200000,0x00000038c8300000] [id=13472]
  0x000001d2f5226000 GCTaskThread "GC Thread#4" [stack: 0x00000038c8300000,0x00000038c8400000] [id=1620]
  0x000001d2f49a9800 GCTaskThread "GC Thread#5" [stack: 0x00000038c8400000,0x00000038c8500000] [id=21872]
  0x000001d2f4455800 GCTaskThread "GC Thread#6" [stack: 0x00000038c8500000,0x00000038c8600000] [id=10576]
  0x000001d2f4456000 GCTaskThread "GC Thread#7" [stack: 0x00000038c8600000,0x00000038c8700000] [id=14472]
  0x000001d2d91b0000 ConcurrentGCThread "G1 Main Marker" [stack: 0x00000038c6500000,0x00000038c6600000] [id=3376]
  0x000001d2d91b1800 ConcurrentGCThread "G1 Conc#0" [stack: 0x00000038c6600000,0x00000038c6700000] [id=12460]
  0x000001d2f5177800 ConcurrentGCThread "G1 Conc#1" [stack: 0x00000038c8a00000,0x00000038c8b00000] [id=27900]
  0x000001d2d9242000 ConcurrentGCThread "G1 Refine#0" [stack: 0x00000038c6700000,0x00000038c6800000] [id=15488]
  0x000001d2d9243000 ConcurrentGCThread "G1 Young RemSet Sampling" [stack: 0x00000038c6800000,0x00000038c6900000] [id=11520]

Threads with active compile tasks:
C2 CompilerThread0 117248 10062       4       org.gradle.internal.logging.sink.OutputEventTransformer::onOutput (399 bytes)

VM state:not at safepoint (normal execution)

VM Mutex/Monitor currently owned by a thread: None

Heap address: 0x00000000a0000000, size: 1536 MB, Compressed Oops mode: 32-bit
Narrow klass base: 0x0000000000000000, Narrow klass shift: 3
Compressed class space size: 1073741824 Address: 0x0000000100000000

Heap:
 garbage-first heap   total 126976K, used 101850K [0x00000000a0000000, 0x0000000100000000)
  region size 1024K, 2 young (2048K), 1 survivors (1024K)
 Metaspace       used 82172K, capacity 85375K, committed 85632K, reserved 1122304K
  class space    used 10784K, capacity 11780K, committed 11904K, reserved 1048576K
Heap Regions: E=young(eden), S=young(survivor), O=old, HS=humongous(starts), HC=humongous(continues), CS=collection set, F=free, A=archive, TAMS=top-at-mark-start (previous, next)
|   0|0x00000000a0000000, 0x00000000a0100000, 0x00000000a0100000|100%| O|  |TAMS 0x00000000a0100000, 0x00000000a0000000| Untracked 
|   1|0x00000000a0100000, 0x00000000a0200000, 0x00000000a0200000|100%| O|  |TAMS 0x00000000a0200000, 0x00000000a0100000| Untracked 
|   2|0x00000000a0200000, 0x00000000a0300000, 0x00000000a0300000|100%| O|  |TAMS 0x00000000a0300000, 0x00000000a0200000| Untracked 
|   3|0x00000000a0300000, 0x00000000a0400000, 0x00000000a0400000|100%|HS|  |TAMS 0x00000000a0400000, 0x00000000a0300000| Complete 
|   4|0x00000000a0400000, 0x00000000a0500000, 0x00000000a0500000|100%|HC|  |TAMS 0x00000000a0500000, 0x00000000a0400000| Complete 
|   5|0x00000000a0500000, 0x00000000a0600000, 0x00000000a0600000|100%|HC|  |TAMS 0x00000000a0600000, 0x00000000a0500000| Complete 
|   6|0x00000000a0600000, 0x00000000a0700000, 0x00000000a0700000|100%| O|  |TAMS 0x00000000a0700000, 0x00000000a0600000| Untracked 
|   7|0x00000000a0700000, 0x00000000a0800000, 0x00000000a0800000|100%| O|  |TAMS 0x00000000a0800000, 0x00000000a0700000| Untracked 
|   8|0x00000000a0800000, 0x00000000a0900000, 0x00000000a0900000|100%| O|  |TAMS 0x00000000a0900000, 0x00000000a0800000| Untracked 
|   9|0x00000000a0900000, 0x00000000a0a00000, 0x00000000a0a00000|100%| O|  |TAMS 0x00000000a0a00000, 0x00000000a0900000| Untracked 
|  10|0x00000000a0a00000, 0x00000000a0b00000, 0x00000000a0b00000|100%| O|  |TAMS 0x00000000a0b00000, 0x00000000a0a00000| Untracked 
|  11|0x00000000a0b00000, 0x00000000a0c00000, 0x00000000a0c00000|100%| O|  |TAMS 0x00000000a0c00000, 0x00000000a0b00000| Untracked 
|  12|0x00000000a0c00000, 0x00000000a0d00000, 0x00000000a0d00000|100%| O|  |TAMS 0x00000000a0d00000, 0x00000000a0c00000| Untracked 
|  13|0x00000000a0d00000, 0x00000000a0e00000, 0x00000000a0e00000|100%| O|  |TAMS 0x00000000a0e00000, 0x00000000a0d00000| Untracked 
|  14|0x00000000a0e00000, 0x00000000a0f00000, 0x00000000a0f00000|100%| O|  |TAMS 0x00000000a0f00000, 0x00000000a0e00000| Untracked 
|  15|0x00000000a0f00000, 0x00000000a1000000, 0x00000000a1000000|100%| O|  |TAMS 0x00000000a1000000, 0x00000000a0f00000| Untracked 
|  16|0x00000000a1000000, 0x00000000a1100000, 0x00000000a1100000|100%| O|  |TAMS 0x00000000a1100000, 0x00000000a1000000| Untracked 
|  17|0x00000000a1100000, 0x00000000a1200000, 0x00000000a1200000|100%| O|  |TAMS 0x00000000a1200000, 0x00000000a1100000| Untracked 
|  18|0x00000000a1200000, 0x00000000a1300000, 0x00000000a1300000|100%| O|  |TAMS 0x00000000a1300000, 0x00000000a1200000| Untracked 
|  19|0x00000000a1300000, 0x00000000a1400000, 0x00000000a1400000|100%| O|  |TAMS 0x00000000a1400000, 0x00000000a1300000| Untracked 
|  20|0x00000000a1400000, 0x00000000a1500000, 0x00000000a1500000|100%| O|  |TAMS 0x00000000a1500000, 0x00000000a1400000| Untracked 
|  21|0x00000000a1500000, 0x00000000a1600000, 0x00000000a1600000|100%|HS|  |TAMS 0x00000000a1600000, 0x00000000a1500000| Complete 
|  22|0x00000000a1600000, 0x00000000a1700000, 0x00000000a1700000|100%|HS|  |TAMS 0x00000000a1700000, 0x00000000a1600000| Complete 
|  23|0x00000000a1700000, 0x00000000a1800000, 0x00000000a1800000|100%|HS|  |TAMS 0x00000000a1800000, 0x00000000a1700000| Complete 
|  24|0x00000000a1800000, 0x00000000a1900000, 0x00000000a1900000|100%|HC|  |TAMS 0x00000000a1900000, 0x00000000a1800000| Complete 
|  25|0x00000000a1900000, 0x00000000a1a00000, 0x00000000a1a00000|100%|HC|  |TAMS 0x00000000a1a00000, 0x00000000a1900000| Complete 
|  26|0x00000000a1a00000, 0x00000000a1b00000, 0x00000000a1b00000|100%|HS|  |TAMS 0x00000000a1b00000, 0x00000000a1a00000| Complete 
|  27|0x00000000a1b00000, 0x00000000a1c00000, 0x00000000a1c00000|100%|HC|  |TAMS 0x00000000a1c00000, 0x00000000a1b00000| Complete 
|  28|0x00000000a1c00000, 0x00000000a1d00000, 0x00000000a1d00000|100%| O|  |TAMS 0x00000000a1d00000, 0x00000000a1c00000| Untracked 
|  29|0x00000000a1d00000, 0x00000000a1e00000, 0x00000000a1e00000|100%| O|  |TAMS 0x00000000a1e00000, 0x00000000a1d00000| Untracked 
|  30|0x00000000a1e00000, 0x00000000a1f00000, 0x00000000a1f00000|100%| O|  |TAMS 0x00000000a1f00000, 0x00000000a1e00000| Untracked 
|  31|0x00000000a1f00000, 0x00000000a2000000, 0x00000000a2000000|100%| O|  |TAMS 0x00000000a2000000, 0x00000000a1f00000| Untracked 
|  32|0x00000000a2000000, 0x00000000a2100000, 0x00000000a2100000|100%| O|  |TAMS 0x00000000a2100000, 0x00000000a2000000| Untracked 
|  33|0x00000000a2100000, 0x00000000a2200000, 0x00000000a2200000|100%| O|  |TAMS 0x00000000a2200000, 0x00000000a2100000| Untracked 
|  34|0x00000000a2200000, 0x00000000a2300000, 0x00000000a2300000|100%| O|  |TAMS 0x00000000a2300000, 0x00000000a2200000| Untracked 
|  35|0x00000000a2300000, 0x00000000a2400000, 0x00000000a2400000|100%| O|  |TAMS 0x00000000a2400000, 0x00000000a2300000| Untracked 
|  36|0x00000000a2400000, 0x00000000a2500000, 0x00000000a2500000|100%| O|  |TAMS 0x00000000a2500000, 0x00000000a2400000| Untracked 
|  37|0x00000000a2500000, 0x00000000a2600000, 0x00000000a2600000|100%| O|  |TAMS 0x00000000a2600000, 0x00000000a2500000| Untracked 
|  38|0x00000000a2600000, 0x00000000a2700000, 0x00000000a2700000|100%| O|  |TAMS 0x00000000a2700000, 0x00000000a2600000| Untracked 
|  39|0x00000000a2700000, 0x00000000a2800000, 0x00000000a2800000|100%| O|  |TAMS 0x00000000a2800000, 0x00000000a2700000| Untracked 
|  40|0x00000000a2800000, 0x00000000a2900000, 0x00000000a2900000|100%| O|  |TAMS 0x00000000a2900000, 0x00000000a2800000| Untracked 
|  41|0x00000000a2900000, 0x00000000a2a00000, 0x00000000a2a00000|100%| O|  |TAMS 0x00000000a2a00000, 0x00000000a2900000| Untracked 
|  42|0x00000000a2a00000, 0x00000000a2b00000, 0x00000000a2b00000|100%| O|  |TAMS 0x00000000a2b00000, 0x00000000a2a00000| Untracked 
|  43|0x00000000a2b00000, 0x00000000a2c00000, 0x00000000a2c00000|100%| O|  |TAMS 0x00000000a2c00000, 0x00000000a2b00000| Untracked 
|  44|0x00000000a2c00000, 0x00000000a2d00000, 0x00000000a2d00000|100%| O|  |TAMS 0x00000000a2d00000, 0x00000000a2c00000| Untracked 
|  45|0x00000000a2d00000, 0x00000000a2e00000, 0x00000000a2e00000|100%| O|  |TAMS 0x00000000a2e00000, 0x00000000a2d00000| Untracked 
|  46|0x00000000a2e00000, 0x00000000a2f00000, 0x00000000a2f00000|100%| O|  |TAMS 0x00000000a2f00000, 0x00000000a2e00000| Untracked 
|  47|0x00000000a2f00000, 0x00000000a3000000, 0x00000000a3000000|100%| O|  |TAMS 0x00000000a3000000, 0x00000000a2f00000| Untracked 
|  48|0x00000000a3000000, 0x00000000a3100000, 0x00000000a3100000|100%| O|  |TAMS 0x00000000a3100000, 0x00000000a3000000| Untracked 
|  49|0x00000000a3100000, 0x00000000a3200000, 0x00000000a3200000|100%| O|  |TAMS 0x00000000a3200000, 0x00000000a3100000| Untracked 
|  50|0x00000000a3200000, 0x00000000a3300000, 0x00000000a3300000|100%| O|  |TAMS 0x00000000a3300000, 0x00000000a3200000| Untracked 
|  51|0x00000000a3300000, 0x00000000a3400000, 0x00000000a3400000|100%| O|  |TAMS 0x00000000a3400000, 0x00000000a3300000| Untracked 
|  52|0x00000000a3400000, 0x00000000a3500000, 0x00000000a3500000|100%| O|  |TAMS 0x00000000a3500000, 0x00000000a3400000| Untracked 
|  53|0x00000000a3500000, 0x00000000a3600000, 0x00000000a3600000|100%| O|  |TAMS 0x00000000a3600000, 0x00000000a3500000| Untracked 
|  54|0x00000000a3600000, 0x00000000a3700000, 0x00000000a3700000|100%| O|  |TAMS 0x00000000a3700000, 0x00000000a3600000| Untracked 
|  55|0x00000000a3700000, 0x00000000a3800000, 0x00000000a3800000|100%| O|  |TAMS 0x00000000a3800000, 0x00000000a3700000| Untracked 
|  56|0x00000000a3800000, 0x00000000a3900000, 0x00000000a3900000|100%| O|  |TAMS 0x00000000a3900000, 0x00000000a3800000| Untracked 
|  57|0x00000000a3900000, 0x00000000a3a00000, 0x00000000a3a00000|100%| O|  |TAMS 0x00000000a3a00000, 0x00000000a3900000| Untracked 
|  58|0x00000000a3a00000, 0x00000000a3b00000, 0x00000000a3b00000|100%| O|  |TAMS 0x00000000a3b00000, 0x00000000a3a00000| Untracked 
|  59|0x00000000a3b00000, 0x00000000a3c00000, 0x00000000a3c00000|100%| O|  |TAMS 0x00000000a3c00000, 0x00000000a3b00000| Untracked 
|  60|0x00000000a3c00000, 0x00000000a3d00000, 0x00000000a3d00000|100%| O|  |TAMS 0x00000000a3d00000, 0x00000000a3c00000| Untracked 
|  61|0x00000000a3d00000, 0x00000000a3e00000, 0x00000000a3e00000|100%| O|  |TAMS 0x00000000a3e00000, 0x00000000a3d00000| Untracked 
|  62|0x00000000a3e00000, 0x00000000a3f00000, 0x00000000a3f00000|100%| O|  |TAMS 0x00000000a3f00000, 0x00000000a3e00000| Untracked 
|  63|0x00000000a3f00000, 0x00000000a4000000, 0x00000000a4000000|100%| O|  |TAMS 0x00000000a4000000, 0x00000000a3f00000| Untracked 
|  64|0x00000000a4000000, 0x00000000a4100000, 0x00000000a4100000|100%| O|  |TAMS 0x00000000a4100000, 0x00000000a4000000| Untracked 
|  65|0x00000000a4100000, 0x00000000a4200000, 0x00000000a4200000|100%| O|  |TAMS 0x00000000a4200000, 0x00000000a4100000| Untracked 
|  66|0x00000000a4200000, 0x00000000a4300000, 0x00000000a4300000|100%| O|  |TAMS 0x00000000a4300000, 0x00000000a4200000| Untracked 
|  67|0x00000000a4300000, 0x00000000a4400000, 0x00000000a4400000|100%| O|  |TAMS 0x00000000a4400000, 0x00000000a4300000| Untracked 
|  68|0x00000000a4400000, 0x00000000a4500000, 0x00000000a4500000|100%| O|  |TAMS 0x00000000a4500000, 0x00000000a4400000| Untracked 
|  69|0x00000000a4500000, 0x00000000a4600000, 0x00000000a4600000|100%| O|  |TAMS 0x00000000a4600000, 0x00000000a4500000| Untracked 
|  70|0x00000000a4600000, 0x00000000a4700000, 0x00000000a4700000|100%| O|  |TAMS 0x00000000a4700000, 0x00000000a4600000| Untracked 
|  71|0x00000000a4700000, 0x00000000a4800000, 0x00000000a4800000|100%| O|  |TAMS 0x00000000a4800000, 0x00000000a4700000| Untracked 
|  72|0x00000000a4800000, 0x00000000a4900000, 0x00000000a4900000|100%|HS|  |TAMS 0x00000000a4900000, 0x00000000a4800000| Complete 
|  73|0x00000000a4900000, 0x00000000a4a00000, 0x00000000a4a00000|100%|HC|  |TAMS 0x00000000a4a00000, 0x00000000a4900000| Complete 
|  74|0x00000000a4a00000, 0x00000000a4b00000, 0x00000000a4b00000|100%|HC|  |TAMS 0x00000000a4b00000, 0x00000000a4a00000| Complete 
|  75|0x00000000a4b00000, 0x00000000a4c00000, 0x00000000a4c00000|100%| O|  |TAMS 0x00000000a4c00000, 0x00000000a4b00000| Untracked 
|  76|0x00000000a4c00000, 0x00000000a4d00000, 0x00000000a4d00000|100%| O|  |TAMS 0x00000000a4d00000, 0x00000000a4c00000| Untracked 
|  77|0x00000000a4d00000, 0x00000000a4e00000, 0x00000000a4e00000|100%| O|  |TAMS 0x00000000a4e00000, 0x00000000a4d00000| Untracked 
|  78|0x00000000a4e00000, 0x00000000a4f00000, 0x00000000a4f00000|100%| O|  |TAMS 0x00000000a4f00000, 0x00000000a4e00000| Untracked 
|  79|0x00000000a4f00000, 0x00000000a5000000, 0x00000000a5000000|100%| O|  |TAMS 0x00000000a5000000, 0x00000000a4f00000| Untracked 
|  80|0x00000000a5000000, 0x00000000a5100000, 0x00000000a5100000|100%| O|  |TAMS 0x00000000a5100000, 0x00000000a5000000| Untracked 
|  81|0x00000000a5100000, 0x00000000a5200000, 0x00000000a5200000|100%| O|  |TAMS 0x00000000a5200000, 0x00000000a5100000| Untracked 
|  82|0x00000000a5200000, 0x00000000a5300000, 0x00000000a5300000|100%| O|  |TAMS 0x00000000a5300000, 0x00000000a5200000| Untracked 
|  83|0x00000000a5300000, 0x00000000a5400000, 0x00000000a5400000|100%| O|  |TAMS 0x00000000a5400000, 0x00000000a5300000| Untracked 
|  84|0x00000000a5400000, 0x00000000a5500000, 0x00000000a5500000|100%| O|  |TAMS 0x00000000a5500000, 0x00000000a5400000| Untracked 
|  85|0x00000000a5500000, 0x00000000a5600000, 0x00000000a5600000|100%| O|  |TAMS 0x00000000a5600000, 0x00000000a5500000| Untracked 
|  86|0x00000000a5600000, 0x00000000a5700000, 0x00000000a5700000|100%| O|  |TAMS 0x00000000a5700000, 0x00000000a5600000| Untracked 
|  87|0x00000000a5700000, 0x00000000a5800000, 0x00000000a5800000|100%| O|  |TAMS 0x00000000a5800000, 0x00000000a5700000| Untracked 
|  88|0x00000000a5800000, 0x00000000a5900000, 0x00000000a5900000|100%| O|  |TAMS 0x00000000a5900000, 0x00000000a5800000| Untracked 
|  89|0x00000000a5900000, 0x00000000a5a00000, 0x00000000a5a00000|100%| O|  |TAMS 0x00000000a5a00000, 0x00000000a5900000| Untracked 
|  90|0x00000000a5a00000, 0x00000000a5b00000, 0x00000000a5b00000|100%| O|  |TAMS 0x00000000a5b00000, 0x00000000a5a00000| Untracked 
|  91|0x00000000a5b00000, 0x00000000a5c00000, 0x00000000a5c00000|100%| O|  |TAMS 0x00000000a5c00000, 0x00000000a5b00000| Untracked 
|  92|0x00000000a5c00000, 0x00000000a5d00000, 0x00000000a5d00000|100%| O|  |TAMS 0x00000000a5d00000, 0x00000000a5c00000| Untracked 
|  93|0x00000000a5d00000, 0x00000000a5e00000, 0x00000000a5e00000|100%| O|  |TAMS 0x00000000a5e00000, 0x00000000a5d00000| Untracked 
|  94|0x00000000a5e00000, 0x00000000a5f00000, 0x00000000a5f00000|100%| O|  |TAMS 0x00000000a5f00000, 0x00000000a5e00000| Untracked 
|  95|0x00000000a5f00000, 0x00000000a6000000, 0x00000000a6000000|100%| O|  |TAMS 0x00000000a6000000, 0x00000000a5f00000| Untracked 
|  96|0x00000000a6000000, 0x00000000a6100000, 0x00000000a6100000|100%| O|  |TAMS 0x00000000a6100000, 0x00000000a6000000| Untracked 
|  97|0x00000000a6100000, 0x00000000a6200000, 0x00000000a6200000|100%| O|  |TAMS 0x00000000a6200000, 0x00000000a6100000| Untracked 
|  98|0x00000000a6200000, 0x00000000a627a400, 0x00000000a6300000| 47%| O|  |TAMS 0x00000000a627a400, 0x00000000a6200000| Untracked 
|  99|0x00000000a6300000, 0x00000000a6300000, 0x00000000a6400000|  0%| F|  |TAMS 0x00000000a6300000, 0x00000000a6300000| Untracked 
| 100|0x00000000a6400000, 0x00000000a6400000, 0x00000000a6500000|  0%| F|  |TAMS 0x00000000a6400000, 0x00000000a6400000| Untracked 
| 101|0x00000000a6500000, 0x00000000a6500000, 0x00000000a6600000|  0%| F|  |TAMS 0x00000000a6500000, 0x00000000a6500000| Untracked 
| 102|0x00000000a6600000, 0x00000000a6600000, 0x00000000a6700000|  0%| F|  |TAMS 0x00000000a6600000, 0x00000000a6600000| Untracked 
| 103|0x00000000a6700000, 0x00000000a6700000, 0x00000000a6800000|  0%| F|  |TAMS 0x00000000a6700000, 0x00000000a6700000| Untracked 
| 104|0x00000000a6800000, 0x00000000a6800000, 0x00000000a6900000|  0%| F|  |TAMS 0x00000000a6800000, 0x00000000a6800000| Untracked 
| 105|0x00000000a6900000, 0x00000000a6900000, 0x00000000a6a00000|  0%| F|  |TAMS 0x00000000a6900000, 0x00000000a6900000| Untracked 
| 106|0x00000000a6a00000, 0x00000000a6a00000, 0x00000000a6b00000|  0%| F|  |TAMS 0x00000000a6a00000, 0x00000000a6a00000| Untracked 
| 107|0x00000000a6b00000, 0x00000000a6b00000, 0x00000000a6c00000|  0%| F|  |TAMS 0x00000000a6b00000, 0x00000000a6b00000| Untracked 
| 108|0x00000000a6c00000, 0x00000000a6c00000, 0x00000000a6d00000|  0%| F|  |TAMS 0x00000000a6c00000, 0x00000000a6c00000| Untracked 
| 109|0x00000000a6d00000, 0x00000000a6d00000, 0x00000000a6e00000|  0%| F|  |TAMS 0x00000000a6d00000, 0x00000000a6d00000| Untracked 
| 110|0x00000000a6e00000, 0x00000000a6e00000, 0x00000000a6f00000|  0%| F|  |TAMS 0x00000000a6e00000, 0x00000000a6e00000| Untracked 
| 111|0x00000000a6f00000, 0x00000000a6f00000, 0x00000000a7000000|  0%| F|  |TAMS 0x00000000a6f00000, 0x00000000a6f00000| Untracked 
| 112|0x00000000a7000000, 0x00000000a7000000, 0x00000000a7100000|  0%| F|  |TAMS 0x00000000a7000000, 0x00000000a7000000| Untracked 
| 113|0x00000000a7100000, 0x00000000a7100000, 0x00000000a7200000|  0%| F|  |TAMS 0x00000000a7100000, 0x00000000a7100000| Untracked 
| 114|0x00000000a7200000, 0x00000000a7200000, 0x00000000a7300000|  0%| F|  |TAMS 0x00000000a7200000, 0x00000000a7200000| Untracked 
| 115|0x00000000a7300000, 0x00000000a7300000, 0x00000000a7400000|  0%| F|  |TAMS 0x00000000a7300000, 0x00000000a7300000| Untracked 
| 116|0x00000000a7400000, 0x00000000a74fc630, 0x00000000a7500000| 98%| S|CS|TAMS 0x00000000a7400000, 0x00000000a7400000| Complete 
| 117|0x00000000a7500000, 0x00000000a7500000, 0x00000000a7600000|  0%| F|  |TAMS 0x00000000a7500000, 0x00000000a7500000| Untracked 
| 118|0x00000000a7600000, 0x00000000a7600000, 0x00000000a7700000|  0%| F|  |TAMS 0x00000000a7600000, 0x00000000a7600000| Untracked 
| 119|0x00000000a7700000, 0x00000000a7700000, 0x00000000a7800000|  0%| F|  |TAMS 0x00000000a7700000, 0x00000000a7700000| Untracked 
| 120|0x00000000a7800000, 0x00000000a7800000, 0x00000000a7900000|  0%| F|  |TAMS 0x00000000a7800000, 0x00000000a7800000| Untracked 
| 121|0x00000000a7900000, 0x00000000a7900000, 0x00000000a7a00000|  0%| F|  |TAMS 0x00000000a7900000, 0x00000000a7900000| Untracked 
| 122|0x00000000a7a00000, 0x00000000a7a00000, 0x00000000a7b00000|  0%| F|  |TAMS 0x00000000a7a00000, 0x00000000a7a00000| Untracked 
| 123|0x00000000a7b00000, 0x00000000a7bec7d0, 0x00000000a7c00000| 92%| E|  |TAMS 0x00000000a7b00000, 0x00000000a7b00000| Complete 

Card table byte_map: [0x000001d2ec2a0000,0x000001d2ec5a0000] _byte_map_base: 0x000001d2ebda0000

Marking Bits (Prev, Next): (CMBitMap*) 0x000001d2d91a9400, (CMBitMap*) 0x000001d2d91a93c8
 Prev Bits: [0x000001d2ee0a0000, 0x000001d2ef8a0000)
 Next Bits: [0x000001d2ec8a0000, 0x000001d2ee0a0000)

Polling page: 0x000001d2d8950000

Metaspace:

Usage:
  Non-class:     71.87 MB capacity,    69.71 MB ( 97%) used,     1.94 MB (  3%) free+waste,   219.88 KB ( <1%) overhead. 
      Class:     11.50 MB capacity,    10.53 MB ( 92%) used,   890.92 KB (  8%) free+waste,   104.44 KB ( <1%) overhead. 
       Both:     83.37 MB capacity,    80.25 MB ( 96%) used,     2.81 MB (  3%) free+waste,   324.31 KB ( <1%) overhead. 

Virtual space:
  Non-class space:       72.00 MB reserved,      72.00 MB (100%) committed 
      Class space:        1.00 GB reserved,      11.63 MB (  1%) committed 
             Both:        1.07 GB reserved,      83.63 MB (  8%) committed 

Chunk freelists:
   Non-Class:  5.00 KB
       Class:  3.00 KB
        Both:  8.00 KB

MaxMetaspaceSize: 17179869184.00 GB
CompressedClassSpaceSize: 1.00 GB

CodeHeap 'non-profiled nmethods': size=120000Kb used=5025Kb max_used=5025Kb free=114974Kb
 bounds [0x000001d2e4740000, 0x000001d2e4c30000, 0x000001d2ebc70000]
CodeHeap 'profiled nmethods': size=120000Kb used=20511Kb max_used=20511Kb free=99488Kb
 bounds [0x000001d2dd210000, 0x000001d2de620000, 0x000001d2e4740000]
CodeHeap 'non-nmethods': size=5760Kb used=2277Kb max_used=2331Kb free=3483Kb
 bounds [0x000001d2dcc70000, 0x000001d2dcee0000, 0x000001d2dd210000]
 total_blobs=10649 nmethods=9790 adapters=770
 compilation: enabled
              stopped_count=0, restarted_count=0
 full_count=0

Compilation events (20 events):
Event: 117.097 Thread 0x000001d2f231d000 10060       3       org.gradle.internal.io.LinePerThreadBufferingOutputStream::write (9 bytes)
Event: 117.098 Thread 0x000001d2f231d000 nmethod 10060 0x000001d2de612a10 code [0x000001d2de612be0, 0x000001d2de612dd8]
Event: 117.098 Thread 0x000001d2f231d000 10063       3       java.util.concurrent.ConcurrentHashMap::get (162 bytes)
Event: 117.100 Thread 0x000001d2f231d000 nmethod 10063 0x000001d2de612f10 code [0x000001d2de613180, 0x000001d2de613e38]
Event: 117.100 Thread 0x000001d2f231d000 10064   !   3       java.io.PrintStream::write (66 bytes)
Event: 117.103 Thread 0x000001d2f231d000 nmethod 10064 0x000001d2de614190 code [0x000001d2de6143c0, 0x000001d2de614b18]
Event: 117.103 Thread 0x000001d2f231d000 10068       3       org.gradle.internal.io.LineBufferingOutputStream::endsWithLineSeparator (27 bytes)
Event: 117.105 Thread 0x000001d2f231d000 nmethod 10068 0x000001d2de614e10 code [0x000001d2de614fc0, 0x000001d2de615158]
Event: 117.105 Thread 0x000001d2f231d000 10070       3       org.gradle.internal.io.LinePerThreadBufferingOutputStream::getStream (44 bytes)
Event: 117.111 Thread 0x000001d2f231d000 nmethod 10070 0x000001d2de615210 code [0x000001d2de615440, 0x000001d2de615b78]
Event: 117.111 Thread 0x000001d2f231d000 10065       3       org.gradle.internal.io.LineBufferingOutputStream::write (59 bytes)
Event: 117.116 Thread 0x000001d2f2304000 nmethod 10058 0x000001d2e4c27290 code [0x000001d2e4c274a0, 0x000001d2e4c27c30]
Event: 117.116 Thread 0x000001d2f2304000 10061       4       org.gradle.internal.logging.text.AbstractLineChoppingStyledTextOutput$StateContext::hasChar (22 bytes)
Event: 117.117 Thread 0x000001d2f231d000 nmethod 10065 0x000001d2de615e10 code [0x000001d2de6160c0, 0x000001d2de616e18]
Event: 117.117 Thread 0x000001d2f231d000 10066       3       org.gradle.internal.io.StreamByteBuffer$StreamByteBufferOutputStream::write (22 bytes)
Event: 117.118 Thread 0x000001d2f2304000 nmethod 10061 0x000001d2e4c28210 code [0x000001d2e4c283a0, 0x000001d2e4c28418]
Event: 117.118 Thread 0x000001d2f2304000 10062       4       org.gradle.internal.logging.sink.OutputEventTransformer::onOutput (399 bytes)
Event: 117.118 Thread 0x000001d2f231d000 nmethod 10066 0x000001d2de617310 code [0x000001d2de6174e0, 0x000001d2de617748]
Event: 117.118 Thread 0x000001d2f231d000 10067       3       org.gradle.internal.io.StreamByteBuffer$StreamByteBufferChunk::write (32 bytes)
Event: 117.119 Thread 0x000001d2f231d000 nmethod 10067 0x000001d2de617910 code [0x000001d2de617ac0, 0x000001d2de617c58]

GC Heap History (20 events):
Event: 44.666 GC heap before
{Heap before GC invocations=31 (full 0):
 garbage-first heap   total 126976K, used 105243K [0x00000000a0000000, 0x0000000100000000)
  region size 1024K, 19 young (19456K), 3 survivors (3072K)
 Metaspace       used 76493K, capacity 79522K, committed 79616K, reserved 1118208K
  class space    used 10004K, capacity 10956K, committed 11008K, reserved 1048576K
}
Event: 44.674 GC heap after
{Heap after GC invocations=32 (full 0):
 garbage-first heap   total 126976K, used 89395K [0x00000000a0000000, 0x0000000100000000)
  region size 1024K, 1 young (1024K), 1 survivors (1024K)
 Metaspace       used 76493K, capacity 79522K, committed 79616K, reserved 1118208K
  class space    used 10004K, capacity 10956K, committed 11008K, reserved 1048576K
}
Event: 45.440 GC heap before
{Heap before GC invocations=33 (full 0):
 garbage-first heap   total 126976K, used 105779K [0x00000000a0000000, 0x0000000100000000)
  region size 1024K, 17 young (17408K), 1 survivors (1024K)
 Metaspace       used 78135K, capacity 81152K, committed 81408K, reserved 1120256K
  class space    used 10219K, capacity 11168K, committed 11264K, reserved 1048576K
}
Event: 45.444 GC heap after
{Heap after GC invocations=34 (full 0):
 garbage-first heap   total 126976K, used 90087K [0x00000000a0000000, 0x0000000100000000)
  region size 1024K, 2 young (2048K), 2 survivors (2048K)
 Metaspace       used 78135K, capacity 81152K, committed 81408K, reserved 1120256K
  class space    used 10219K, capacity 11168K, committed 11264K, reserved 1048576K
}
Event: 46.039 GC heap before
{Heap before GC invocations=34 (full 0):
 garbage-first heap   total 126976K, used 106471K [0x00000000a0000000, 0x0000000100000000)
  region size 1024K, 18 young (18432K), 2 survivors (2048K)
 Metaspace       used 79176K, capacity 82240K, committed 82304K, reserved 1120256K
  class space    used 10364K, capacity 11336K, committed 11392K, reserved 1048576K
}
Event: 46.045 GC heap after
{Heap after GC invocations=35 (full 0):
 garbage-first heap   total 126976K, used 91575K [0x00000000a0000000, 0x0000000100000000)
  region size 1024K, 3 young (3072K), 3 survivors (3072K)
 Metaspace       used 79176K, capacity 82240K, committed 82304K, reserved 1120256K
  class space    used 10364K, capacity 11336K, committed 11392K, reserved 1048576K
}
Event: 46.829 GC heap before
{Heap before GC invocations=36 (full 0):
 garbage-first heap   total 126976K, used 107959K [0x00000000a0000000, 0x0000000100000000)
  region size 1024K, 19 young (19456K), 3 survivors (3072K)
 Metaspace       used 79802K, capacity 82937K, committed 83200K, reserved 1120256K
  class space    used 10434K, capacity 11403K, committed 11520K, reserved 1048576K
}
Event: 46.840 GC heap after
{Heap after GC invocations=37 (full 0):
 garbage-first heap   total 126976K, used 94768K [0x00000000a0000000, 0x0000000100000000)
  region size 1024K, 3 young (3072K), 3 survivors (3072K)
 Metaspace       used 79802K, capacity 82937K, committed 83200K, reserved 1120256K
  class space    used 10434K, capacity 11403K, committed 11520K, reserved 1048576K
}
Event: 47.287 GC heap before
{Heap before GC invocations=37 (full 0):
 garbage-first heap   total 126976K, used 108080K [0x00000000a0000000, 0x0000000100000000)
  region size 1024K, 16 young (16384K), 3 survivors (3072K)
 Metaspace       used 80218K, capacity 83311K, committed 83456K, reserved 1122304K
  class space    used 10480K, capacity 11440K, committed 11520K, reserved 1048576K
}
Event: 47.297 GC heap after
{Heap after GC invocations=38 (full 0):
 garbage-first heap   total 126976K, used 97549K [0x00000000a0000000, 0x0000000100000000)
  region size 1024K, 2 young (2048K), 2 survivors (2048K)
 Metaspace       used 80218K, capacity 83311K, committed 83456K, reserved 1122304K
  class space    used 10480K, capacity 11440K, committed 11520K, reserved 1048576K
}
Event: 47.573 GC heap before
{Heap before GC invocations=38 (full 0):
 garbage-first heap   total 126976K, used 106765K [0x00000000a0000000, 0x0000000100000000)
  region size 1024K, 12 young (12288K), 2 survivors (2048K)
 Metaspace       used 80592K, capacity 83721K, committed 83968K, reserved 1122304K
  class space    used 10531K, capacity 11487K, committed 11520K, reserved 1048576K
}
Event: 47.581 GC heap after
{Heap after GC invocations=39 (full 0):
 garbage-first heap   total 126976K, used 98866K [0x00000000a0000000, 0x0000000100000000)
  region size 1024K, 2 young (2048K), 2 survivors (2048K)
 Metaspace       used 80592K, capacity 83721K, committed 83968K, reserved 1122304K
  class space    used 10531K, capacity 11487K, committed 11520K, reserved 1048576K
}
Event: 48.047 GC heap before
{Heap before GC invocations=40 (full 0):
 garbage-first heap   total 126976K, used 108082K [0x00000000a0000000, 0x0000000100000000)
  region size 1024K, 11 young (11264K), 2 survivors (2048K)
 Metaspace       used 81176K, capacity 84318K, committed 84608K, reserved 1122304K
  class space    used 10614K, capacity 11577K, committed 11648K, reserved 1048576K
}
Event: 48.054 GC heap after
{Heap after GC invocations=41 (full 0):
 garbage-first heap   total 126976K, used 99964K [0x00000000a0000000, 0x0000000100000000)
  region size 1024K, 2 young (2048K), 2 survivors (2048K)
 Metaspace       used 81176K, capacity 84318K, committed 84608K, reserved 1122304K
  class space    used 10614K, capacity 11577K, committed 11648K, reserved 1048576K
}
Event: 51.903 GC heap before
{Heap before GC invocations=41 (full 0):
 garbage-first heap   total 126976K, used 108156K [0x00000000a0000000, 0x0000000100000000)
  region size 1024K, 11 young (11264K), 2 survivors (2048K)
 Metaspace       used 81597K, capacity 84779K, committed 84992K, reserved 1122304K
  class space    used 10683K, capacity 11667K, committed 11776K, reserved 1048576K
}
Event: 51.909 GC heap after
{Heap after GC invocations=42 (full 0):
 garbage-first heap   total 126976K, used 101028K [0x00000000a0000000, 0x0000000100000000)
  region size 1024K, 1 young (1024K), 1 survivors (1024K)
 Metaspace       used 81597K, capacity 84779K, committed 84992K, reserved 1122304K
  class space    used 10683K, capacity 11667K, committed 11776K, reserved 1048576K
}
Event: 54.156 GC heap before
{Heap before GC invocations=43 (full 0):
 garbage-first heap   total 126976K, used 109220K [0x00000000a0000000, 0x0000000100000000)
  region size 1024K, 9 young (9216K), 1 survivors (1024K)
 Metaspace       used 81698K, capacity 84867K, committed 84992K, reserved 1122304K
  class space    used 10704K, capacity 11675K, committed 11776K, reserved 1048576K
}
Event: 54.159 GC heap after
{Heap after GC invocations=44 (full 0):
 garbage-first heap   total 126976K, used 101316K [0x00000000a0000000, 0x0000000100000000)
  region size 1024K, 2 young (2048K), 2 survivors (2048K)
 Metaspace       used 81698K, capacity 84867K, committed 84992K, reserved 1122304K
  class space    used 10704K, capacity 11675K, committed 11776K, reserved 1048576K
}
Event: 82.033 GC heap before
{Heap before GC invocations=44 (full 0):
 garbage-first heap   total 126976K, used 107460K [0x00000000a0000000, 0x0000000100000000)
  region size 1024K, 9 young (9216K), 2 survivors (2048K)
 Metaspace       used 82143K, capacity 85376K, committed 85632K, reserved 1122304K
  class space    used 10785K, capacity 11783K, committed 11904K, reserved 1048576K
}
Event: 82.169 GC heap after
{Heap after GC invocations=45 (full 0):
 garbage-first heap   total 126976K, used 101850K [0x00000000a0000000, 0x0000000100000000)
  region size 1024K, 1 young (1024K), 1 survivors (1024K)
 Metaspace       used 82143K, capacity 85376K, committed 85632K, reserved 1122304K
  class space    used 10785K, capacity 11783K, committed 11904K, reserved 1048576K
}

Deoptimization events (20 events):
Event: 92.983 Thread 0x000001d2f5530000 Uncommon trap: trap_request=0xffffff4d fr.pc=0x000001d2e4a27934 relative=0x0000000000000814
Event: 92.983 Thread 0x000001d2f5530000 Uncommon trap: reason=unstable_if action=reinterpret pc=0x000001d2e4a27934 method=java.util.concurrent.SynchronousQueue$TransferStack.awaitFulfill(Ljava/util/concurrent/SynchronousQueue$TransferStack$SNode;ZJ)Ljava/util/concurrent/SynchronousQueue$Transfe
Event: 92.983 Thread 0x000001d2f5530000 DEOPT PACKING pc=0x000001d2e4a27934 sp=0x00000038d06ff030
Event: 92.983 Thread 0x000001d2f5530000 DEOPT UNPACKING pc=0x000001d2dcc783af sp=0x00000038d06fefe0 mode 2
Event: 92.992 Thread 0x000001d2f552e000 Uncommon trap: trap_request=0xffffff4d fr.pc=0x000001d2e4a27934 relative=0x0000000000000814
Event: 92.992 Thread 0x000001d2f552e000 Uncommon trap: reason=unstable_if action=reinterpret pc=0x000001d2e4a27934 method=java.util.concurrent.SynchronousQueue$TransferStack.awaitFulfill(Ljava/util/concurrent/SynchronousQueue$TransferStack$SNode;ZJ)Ljava/util/concurrent/SynchronousQueue$Transfe
Event: 92.992 Thread 0x000001d2f552e000 DEOPT PACKING pc=0x000001d2e4a27934 sp=0x00000038d07fe970
Event: 92.992 Thread 0x000001d2f552e000 DEOPT UNPACKING pc=0x000001d2dcc783af sp=0x00000038d07fe920 mode 2
Event: 102.147 Thread 0x000001d2f552b000 Uncommon trap: trap_request=0xffffff4d fr.pc=0x000001d2e4a27934 relative=0x0000000000000814
Event: 102.147 Thread 0x000001d2f552b000 Uncommon trap: reason=unstable_if action=reinterpret pc=0x000001d2e4a27934 method=java.util.concurrent.SynchronousQueue$TransferStack.awaitFulfill(Ljava/util/concurrent/SynchronousQueue$TransferStack$SNode;ZJ)Ljava/util/concurrent/SynchronousQueue$Transfe
Event: 102.147 Thread 0x000001d2f552b000 DEOPT PACKING pc=0x000001d2e4a27934 sp=0x00000038d04fed20
Event: 102.147 Thread 0x000001d2f552b000 DEOPT UNPACKING pc=0x000001d2dcc783af sp=0x00000038d04fecd0 mode 2
Event: 102.153 Thread 0x000001d2f552d800 Uncommon trap: trap_request=0xffffff4d fr.pc=0x000001d2e4a27934 relative=0x0000000000000814
Event: 102.153 Thread 0x000001d2f552f000 Uncommon trap: trap_request=0xffffff4d fr.pc=0x000001d2e4a27934 relative=0x0000000000000814
Event: 102.153 Thread 0x000001d2f552d800 Uncommon trap: reason=unstable_if action=reinterpret pc=0x000001d2e4a27934 method=java.util.concurrent.SynchronousQueue$TransferStack.awaitFulfill(Ljava/util/concurrent/SynchronousQueue$TransferStack$SNode;ZJ)Ljava/util/concurrent/SynchronousQueue$Transfe
Event: 102.153 Thread 0x000001d2f552f000 Uncommon trap: reason=unstable_if action=reinterpret pc=0x000001d2e4a27934 method=java.util.concurrent.SynchronousQueue$TransferStack.awaitFulfill(Ljava/util/concurrent/SynchronousQueue$TransferStack$SNode;ZJ)Ljava/util/concurrent/SynchronousQueue$Transfe
Event: 102.153 Thread 0x000001d2f552d800 DEOPT PACKING pc=0x000001d2e4a27934 sp=0x00000038d05fe940
Event: 102.153 Thread 0x000001d2f552f000 DEOPT PACKING pc=0x000001d2e4a27934 sp=0x00000038d08feec0
Event: 102.153 Thread 0x000001d2f552d800 DEOPT UNPACKING pc=0x000001d2dcc783af sp=0x00000038d05fe8f0 mode 2
Event: 102.153 Thread 0x000001d2f552f000 DEOPT UNPACKING pc=0x000001d2dcc783af sp=0x00000038d08fee70 mode 2

Classes redefined (0 events):
No events

Internal exceptions (20 events):
Event: 54.305 Thread 0x000001d2f4fc6000 Exception <a 'java/lang/ClassNotFoundException'{0x00000000a79f3b78}: org/gradle/process/internal/DefaultExecAction_DecoratedBeanInfo> (0x00000000a79f3b78) thrown at [./src/hotspot/share/classfile/systemDictionary.cpp, line 231]
Event: 54.308 Thread 0x000001d2f4fc6000 Exception <a 'java/lang/ClassNotFoundException'{0x00000000a7817a90}: org/gradle/process/internal/DefaultExecActionBeanInfo> (0x00000000a7817a90) thrown at [./src/hotspot/share/classfile/systemDictionary.cpp, line 231]
Event: 54.310 Thread 0x000001d2f4fc6000 Exception <a 'java/lang/ClassNotFoundException'{0x00000000a783db68}: org/gradle/process/internal/DefaultExecHandleBuilderBeanInfo> (0x00000000a783db68) thrown at [./src/hotspot/share/classfile/systemDictionary.cpp, line 231]
Event: 54.312 Thread 0x000001d2f4fc6000 Exception <a 'java/lang/ClassNotFoundException'{0x00000000a7863a88}: org/gradle/process/internal/AbstractExecHandleBuilderBeanInfo> (0x00000000a7863a88) thrown at [./src/hotspot/share/classfile/systemDictionary.cpp, line 231]
Event: 54.314 Thread 0x000001d2f4fc6000 Exception <a 'java/lang/ClassNotFoundException'{0x00000000a7889910}: org/gradle/process/internal/DefaultProcessForkOptionsBeanInfo> (0x00000000a7889910) thrown at [./src/hotspot/share/classfile/systemDictionary.cpp, line 231]
Event: 54.315 Thread 0x000001d2f4fc6000 Exception <a 'java/lang/ClassNotFoundException'{0x00000000a78af880}: org/gradle/process/internal/DefaultProcessForkOptionsCustomizer> (0x00000000a78af880) thrown at [./src/hotspot/share/classfile/systemDictionary.cpp, line 231]
Event: 54.329 Thread 0x000001d2f4fc6000 Exception <a 'java/lang/ClassNotFoundException'{0x00000000a78e1e10}: org/gradle/process/internal/AbstractExecHandleBuilderCustomizer> (0x00000000a78e1e10) thrown at [./src/hotspot/share/classfile/systemDictionary.cpp, line 231]
Event: 54.332 Thread 0x000001d2f4fc6000 Exception <a 'java/lang/ClassNotFoundException'{0x00000000a771a028}: org/gradle/process/internal/DefaultExecHandleBuilderCustomizer> (0x00000000a771a028) thrown at [./src/hotspot/share/classfile/systemDictionary.cpp, line 231]
Event: 54.335 Thread 0x000001d2f4fc6000 Exception <a 'java/lang/ClassNotFoundException'{0x00000000a7775e48}: org/gradle/process/internal/DefaultExecActionCustomizer> (0x00000000a7775e48) thrown at [./src/hotspot/share/classfile/systemDictionary.cpp, line 231]
Event: 54.337 Thread 0x000001d2f4fc6000 Exception <a 'java/lang/ClassNotFoundException'{0x00000000a77a5d88}: org/gradle/process/internal/DefaultExecAction_DecoratedCustomizer> (0x00000000a77a5d88) thrown at [./src/hotspot/share/classfile/systemDictionary.cpp, line 231]
Event: 54.344 Thread 0x000001d2f4fc6000 Exception <a 'java/lang/ClassNotFoundException'{0x00000000a77ee7b0}: org/gradle/api/logging/LogLevelBeanInfo> (0x00000000a77ee7b0) thrown at [./src/hotspot/share/classfile/systemDictionary.cpp, line 231]
Event: 54.360 Thread 0x000001d2f4fc6000 Exception <a 'java/lang/ClassNotFoundException'{0x00000000a760da48}: org/gradle/api/logging/LogLevelCustomizer> (0x00000000a760da48) thrown at [./src/hotspot/share/classfile/systemDictionary.cpp, line 231]
Event: 54.370 Thread 0x000001d2f4fc6000 Exception <a 'java/lang/ClassNotFoundException'{0x00000000a7662390}: org/gradle/internal/logging/compatbridge/LoggingManagerInternalCompatibilityBridgeBeanInfo> (0x00000000a7662390) thrown at [./src/hotspot/share/classfile/systemDictionary.cpp, line 231]
Event: 54.373 Thread 0x000001d2f4fc6000 Exception <a 'java/lang/ClassNotFoundException'{0x00000000a768f180}: org/gradle/internal/logging/compatbridge/LoggingManagerInternalCompatibilityBridgeCustomizer> (0x00000000a768f180) thrown at [./src/hotspot/share/classfile/systemDictionary.cpp, line 231]
Event: 54.587 Thread 0x000001d2f500e800 Exception <a 'java/lang/NoSuchMethodError'{0x00000000a75056d8}: 'void java.lang.invoke.DirectMethodHandle$Holder.invokeStatic(java.lang.Object, long)'> (0x00000000a75056d8) thrown at [./src/hotspot/share/interpreter/linkResolver.cpp, line 773]
Event: 54.588 Thread 0x000001d2f500e800 Exception <a 'java/lang/NoSuchMethodError'{0x00000000a750ab78}: 'java.lang.Object java.lang.invoke.DirectMethodHandle$Holder.invokeStatic(java.lang.Object, long)'> (0x00000000a750ab78) thrown at [./src/hotspot/share/interpreter/linkResolver.cpp, line 773]
Event: 54.595 Thread 0x000001d2f500e800 Exception <a 'java/lang/NoSuchMethodError'{0x00000000a7519338}: 'java.lang.Object java.lang.invoke.DirectMethodHandle$Holder.invokeStaticInit(java.lang.Object, java.lang.Object, long, java.lang.Object)'> (0x00000000a7519338) thrown at [./src/hotspot/share/interpreter/linkResolver.cpp, line 773]
Event: 54.597 Thread 0x000001d2f500e800 Exception <a 'java/lang/NoSuchMethodError'{0x00000000a751f708}: 'java.lang.Object java.lang.invoke.DirectMethodHandle$Holder.invokeStatic(java.lang.Object, java.lang.Object, long)'> (0x00000000a751f708) thrown at [./src/hotspot/share/interpreter/linkResolver.cpp, line 773]
Event: 54.598 Thread 0x000001d2f500e800 Exception <a 'java/lang/NoSuchMethodError'{0x00000000a7525e70}: 'java.lang.Object java.lang.invoke.Invokers$Holder.linkToTargetMethod(java.lang.Object, long, java.lang.Object)'> (0x00000000a7525e70) thrown at [./src/hotspot/share/interpreter/linkResolver.cpp, line 773]
Event: 82.195 Thread 0x000001d2f6a63800 Implicit null exception at 0x000001d2e4987139 to 0x000001d2e498bd2c

Events (20 events):
Event: 103.082 Thread 0x000001d2f4b83000 Thread exited: 0x000001d2f4b83000
Event: 103.083 Thread 0x000001d2f4b89000 Thread exited: 0x000001d2f4b89000
Event: 103.083 Thread 0x000001d2f4b8d000 Thread exited: 0x000001d2f4b8d000
Event: 103.083 Thread 0x000001d2f4b91000 Thread exited: 0x000001d2f4b91000
Event: 103.083 Thread 0x000001d2f4b92000 Thread exited: 0x000001d2f4b92000
Event: 103.083 Thread 0x000001d2f5523800 Thread exited: 0x000001d2f5523800
Event: 103.083 Thread 0x000001d2f5525000 Thread exited: 0x000001d2f5525000
Event: 103.083 Thread 0x000001d2f5529800 Thread exited: 0x000001d2f5529800
Event: 103.083 Thread 0x000001d2f5527000 Thread exited: 0x000001d2f5527000
Event: 103.083 Thread 0x000001d2f552a000 Thread exited: 0x000001d2f552a000
Event: 103.083 Thread 0x000001d2f5527800 Thread exited: 0x000001d2f5527800
Event: 103.083 Thread 0x000001d2f443b000 Thread exited: 0x000001d2f443b000
Event: 103.083 Thread 0x000001d2f4edd000 Thread exited: 0x000001d2f4edd000
Event: 103.083 Thread 0x000001d2f4b87800 Thread exited: 0x000001d2f4b87800
Event: 103.083 Thread 0x000001d2f4ede000 Thread exited: 0x000001d2f4ede000
Event: 103.236 Thread 0x000001d2f552c000 Thread exited: 0x000001d2f552c000
Event: 117.050 loading class org/gradle/internal/logging/events/StyledTextOutputEvent$Span
Event: 117.050 loading class org/gradle/internal/logging/events/StyledTextOutputEvent$Span done
Event: 117.069 loading class org/gradle/internal/logging/events/operations/StyledTextBuildOperationProgressDetails$Span
Event: 117.069 loading class org/gradle/internal/logging/events/operations/StyledTextBuildOperationProgressDetails$Span done


Dynamic libraries:
0x00007ff702930000 - 0x00007ff70293a000 	C:\Program Files\Android\Android Studio\jre\bin\java.exe
0x00007fff6d1e0000 - 0x00007fff6d3e7000 	C:\Windows\SYSTEM32\ntdll.dll
0x00007fff6b9c0000 - 0x00007fff6ba7d000 	C:\Windows\System32\KERNEL32.DLL
0x00007fff6acc0000 - 0x00007fff6b032000 	C:\Windows\System32\KERNELBASE.dll
0x00007fff6a730000 - 0x00007fff6a841000 	C:\Windows\System32\ucrtbase.dll
0x00007fff60d30000 - 0x00007fff60d49000 	C:\Program Files\Android\Android Studio\jre\bin\jli.dll
0x00007fff5d180000 - 0x00007fff5d197000 	C:\Program Files\Android\Android Studio\jre\bin\VCRUNTIME140.dll
0x00007fff6c520000 - 0x00007fff6c6cc000 	C:\Windows\System32\USER32.dll
0x00007fff4bd40000 - 0x00007fff4bfe5000 	C:\Windows\WinSxS\amd64_microsoft.windows.common-controls_6595b64144ccf1df_6.0.21996.1_none_7d6b053978bcd706\COMCTL32.dll
0x00007fff6a700000 - 0x00007fff6a726000 	C:\Windows\System32\win32u.dll
0x00007fff6c1e0000 - 0x00007fff6c283000 	C:\Windows\System32\msvcrt.dll
0x00007fff6c1b0000 - 0x00007fff6c1d9000 	C:\Windows\System32\GDI32.dll
0x00007fff6a850000 - 0x00007fff6a962000 	C:\Windows\System32\gdi32full.dll
0x00007fff6a970000 - 0x00007fff6aa0d000 	C:\Windows\System32\msvcp_win.dll
0x00007fff6bb00000 - 0x00007fff6bb31000 	C:\Windows\System32\IMM32.DLL
0x00007fff49a80000 - 0x00007fff49b1d000 	C:\Program Files\Android\Android Studio\jre\bin\msvcp140.dll
0x00007ffed9090000 - 0x00007ffed9b65000 	C:\Program Files\Android\Android Studio\jre\bin\server\jvm.dll
0x00007fff6c6d0000 - 0x00007fff6c77c000 	C:\Windows\System32\ADVAPI32.dll
0x00007fff6b0b0000 - 0x00007fff6b14d000 	C:\Windows\System32\sechost.dll
0x00007fff6d070000 - 0x00007fff6d191000 	C:\Windows\System32\RPCRT4.dll
0x00007fff6b2f0000 - 0x00007fff6b2f8000 	C:\Windows\System32\PSAPI.DLL
0x00007fff5ed70000 - 0x00007fff5eda3000 	C:\Windows\SYSTEM32\WINMM.dll
0x00007fff5d080000 - 0x00007fff5d08a000 	C:\Windows\SYSTEM32\VERSION.dll
0x00007fff43130000 - 0x00007fff43139000 	C:\Windows\SYSTEM32\WSOCK32.dll
0x00007fff6b3f0000 - 0x00007fff6b45f000 	C:\Windows\System32\WS2_32.dll
0x00007fff69840000 - 0x00007fff69857000 	C:\Windows\SYSTEM32\kernel.appcore.dll
0x00007fff471c0000 - 0x00007fff471d1000 	C:\Program Files\Android\Android Studio\jre\bin\verify.dll
0x00007fff68230000 - 0x00007fff68451000 	C:\Windows\SYSTEM32\DBGHELP.DLL
0x00007fff42e00000 - 0x00007fff42e31000 	C:\Windows\SYSTEM32\dbgcore.DLL
0x00007fff6aa10000 - 0x00007fff6aa90000 	C:\Windows\System32\bcryptPrimitives.dll
0x00007fff435a0000 - 0x00007fff435c9000 	C:\Program Files\Android\Android Studio\jre\bin\java.dll
0x00007fff4a4e0000 - 0x00007fff4a4eb000 	C:\Program Files\Android\Android Studio\jre\bin\jimage.dll
0x00007fff42c60000 - 0x00007fff42c78000 	C:\Program Files\Android\Android Studio\jre\bin\zip.dll
0x00007fff6c900000 - 0x00007fff6d069000 	C:\Windows\System32\SHELL32.dll
0x00007fff688c0000 - 0x00007fff69118000 	C:\Windows\SYSTEM32\windows.storage.dll
0x00007fff6be30000 - 0x00007fff6c1a5000 	C:\Windows\System32\combase.dll
0x00007fff68750000 - 0x00007fff688b6000 	C:\Windows\SYSTEM32\wintypes.dll
0x00007fff6b300000 - 0x00007fff6b3ea000 	C:\Windows\System32\SHCORE.dll
0x00007fff6ba90000 - 0x00007fff6baed000 	C:\Windows\System32\shlwapi.dll
0x00007fff6a630000 - 0x00007fff6a651000 	C:\Windows\SYSTEM32\profapi.dll
0x00007fff42c40000 - 0x00007fff42c5a000 	C:\Program Files\Android\Android Studio\jre\bin\net.dll
0x00007fff60960000 - 0x00007fff60a6c000 	C:\Windows\SYSTEM32\WINHTTP.dll
0x00007fff69cb0000 - 0x00007fff69d17000 	C:\Windows\system32\mswsock.dll
0x00007fff42840000 - 0x00007fff42854000 	C:\Program Files\Android\Android Studio\jre\bin\nio.dll
0x00007fff4a700000 - 0x00007fff4a727000 	C:\Users\Product Design\.gradle\native\fdc75f09e3144964f2cf3f50f0aa648679c211496f362492102eb8c894070792\windows-amd64\native-platform.dll
0x00007fff38490000 - 0x00007fff38626000 	C:\Users\Product Design\.gradle\native\12488b8bf47d2d4c9fbf2f6322a914ad602e24e48041cd04a747c6da556b65c4\windows-amd64\native-platform-file-events.dll
0x00007fff49a40000 - 0x00007fff49a4a000 	C:\Program Files\Android\Android Studio\jre\bin\management.dll
0x00007fff495d0000 - 0x00007fff495dd000 	C:\Program Files\Android\Android Studio\jre\bin\management_ext.dll
0x00007fff69ef0000 - 0x00007fff69f08000 	C:\Windows\SYSTEM32\CRYPTSP.dll
0x00007fff69800000 - 0x00007fff69835000 	C:\Windows\system32\rsaenh.dll
0x00007fff69da0000 - 0x00007fff69dc9000 	C:\Windows\SYSTEM32\USERENV.dll
0x00007fff6a070000 - 0x00007fff6a097000 	C:\Windows\SYSTEM32\bcrypt.dll
0x00007fff69f10000 - 0x00007fff69f1c000 	C:\Windows\SYSTEM32\CRYPTBASE.dll
0x00007fff69370000 - 0x00007fff6939d000 	C:\Windows\SYSTEM32\IPHLPAPI.DLL
0x00007fff6be20000 - 0x00007fff6be29000 	C:\Windows\System32\NSI.dll
0x00007fff5f1c0000 - 0x00007fff5f1d9000 	C:\Windows\SYSTEM32\dhcpcsvc6.DLL
0x00007fff5f5a0000 - 0x00007fff5f5be000 	C:\Windows\SYSTEM32\dhcpcsvc.DLL
0x00007fff693a0000 - 0x00007fff69485000 	C:\Windows\SYSTEM32\DNSAPI.dll
0x00007fff618a0000 - 0x00007fff618ac000 	C:\Windows\SYSTEM32\WINNSI.DLL

dbghelp: loaded successfully - version: 4.0.5 - missing functions: none
symbol engine: initialized successfully - sym options: 0x614 - pdb path: .;C:\Program Files\Android\Android Studio\jre\bin;C:\Windows\SYSTEM32;C:\Windows\WinSxS\amd64_microsoft.windows.common-controls_6595b64144ccf1df_6.0.21996.1_none_7d6b053978bcd706;C:\Program Files\Android\Android Studio\jre\bin\server;C:\Users\Product Design\.gradle\native\fdc75f09e3144964f2cf3f50f0aa648679c211496f362492102eb8c894070792\windows-amd64;C:\Users\Product Design\.gradle\native\12488b8bf47d2d4c9fbf2f6322a914ad602e24e48041cd04a747c6da556b65c4\windows-amd64

VM Arguments:
jvm_args: --add-opens=java.base/java.util=ALL-UNNAMED --add-opens=java.base/java.lang=ALL-UNNAMED --add-opens=java.base/java.lang.invoke=ALL-UNNAMED --add-opens=java.prefs/java.util.prefs=ALL-UNNAMED -Xmx1536M -Dfile.encoding=windows-1252 -Duser.country=US -Duser.language=en -Duser.variant 
java_command: org.gradle.launcher.daemon.bootstrap.GradleDaemon 6.7
java_class_path (initial): C:\Users\Product Design\.gradle\wrapper\dists\gradle-6.7-all\cuy9mc7upwgwgeb72wkcrupxe\gradle-6.7\lib\gradle-launcher-6.7.jar
Launcher Type: SUN_STANDARD

[Global flags]
     intx CICompilerCount                          = 4                                         {product} {ergonomic}
     uint ConcGCThreads                            = 2                                         {product} {ergonomic}
     uint G1ConcRefinementThreads                  = 8                                         {product} {ergonomic}
   size_t G1HeapRegionSize                         = 1048576                                   {product} {ergonomic}
    uintx GCDrainStackTargetSize                   = 64                                        {product} {ergonomic}
   size_t InitialHeapSize                          = 130023424                                 {product} {ergonomic}
   size_t MarkStackSize                            = 4194304                                   {product} {ergonomic}
   size_t MaxHeapSize                              = 1610612736                                {product} {command line}
   size_t MaxNewSize                               = 965738496                                 {product} {ergonomic}
   size_t MinHeapDeltaBytes                        = 1048576                                   {product} {ergonomic}
    uintx NonNMethodCodeHeapSize                   = 5836300                                {pd product} {ergonomic}
    uintx NonProfiledCodeHeapSize                  = 122910970                              {pd product} {ergonomic}
    uintx ProfiledCodeHeapSize                     = 122910970                              {pd product} {ergonomic}
    uintx ReservedCodeCacheSize                    = 251658240                              {pd product} {ergonomic}
     bool SegmentedCodeCache                       = true                                      {product} {ergonomic}
     bool UseCompressedClassPointers               = true                                 {lp64_product} {ergonomic}
     bool UseCompressedOops                        = true                                 {lp64_product} {ergonomic}
     bool UseG1GC                                  = true                                      {product} {ergonomic}
     bool UseLargePagesIndividualAllocation        = false                                  {pd product} {ergonomic}

Logging:
Log output configuration:
 #0: stdout all=warning uptime,level,tags
 #1: stderr all=off uptime,level,tags

Environment Variables:
JAVA_HOME=C:\Program Files\Android\Android Studio\jre
CLASSPATH=C:\Users\Product Design\OneDrive\Documents\Projects\Flutter\100\100\mini-project-1\mpd\android\\gradle\wrapper\gradle-wrapper.jar
PATH=C:\Python310\Scripts\;C:\Python310\;C:\Program Files\Microsoft\jdk-11.0.12.7-hotspot\bin;C:\Program Files (x86)\Common Files\Intel\Shared Libraries\redist\ia32\compiler;C:\Program Files (x86)\Common Files\Intel\Shared Libraries\redist\intel64\compiler;C:\Windows\system32;C:\Windows;C:\Windows\System32\Wbem;C:\Windows\System32\WindowsPowerShell\v1.0\;C:\Windows\System32\OpenSSH\;C:\Program Files\Git\cmd;C:\ProgramData\chocolatey\bin;C:\Program Files (x86)\Yarn\bin\;C:\Program Files\nodejs\;C:\Users\Product Design\AppData\Local\Microsoft\WindowsApps;C:\Users\Product Design\AppData\Local\Programs\Microsoft VS Code\bin;C:\src\flutter_windows_2.10.3-stable\flutter\bin;C:\Users\Product Design\AppData\Local\Yarn\bin;C:\Users\Product Design\AppData\Roaming\npm;C:\src\flutter_windows_2.10.3-stable\flutter\bin\mingit\cmd
USERNAME=mdgrfn
LANG=en_US.UTF-8
OS=Windows_NT
PROCESSOR_IDENTIFIER=Intel64 Family 6 Model 126 Stepping 5, GenuineIntel



---------------  S Y S T E M  ---------------

OS: Windows 10 , 64 bit Build 21996 (10.0.21996.1)
OS uptime: 0 days 7:45 hours

CPU:total 8 (initial active 8) (4 cores per cpu, 2 threads per core) family 6 model 126 stepping 5 microcode 0xa0, cmov, cx8, fxsr, mmx, sse, sse2, sse3, ssse3, sse4.1, sse4.2, popcnt, avx, avx2, aes, clmul, erms, 3dnowpref, lzcnt, ht, tsc, tscinvbit, bmi1, bmi2, adx, evex, sha, fma

Memory: 4k page, system-wide physical 7877M (167M free)
TotalPageFile size 16069M (AvailPageFile size 2M)
current process WorkingSet (physical memory assigned to process): 89M, peak: 365M
current process commit charge ("private bytes"): 379M, peak: 413M

vm_info: OpenJDK 64-Bit Server VM (11.0.11+9-b60-7590822) for windows-amd64 JRE (11.0.11+9-b60-7590822), built on Jul 29 2021 21:43:44 by "builder" with MS VC++ 14.0 (VS2015)

END.
